2020-10-08 12:09:50,551 [1] INFO Mario_Data_Conversion_Tool.MarioPizzaIngredientenConverter - Succesfully added line:47
2020-10-08 12:09:50,575 [1] INFO Mario_Data_Conversion_Tool.MarioPizzaIngredientenConverter - Succesfully added line:48
2020-10-08 12:09:50,575 [1] INFO Mario_Data_Conversion_Tool.MarioPizzaIngredientenConverter - Succesfully added line:49
2020-10-08 12:09:50,576 [1] INFO Mario_Data_Conversion_Tool.MarioPizzaIngredientenConverter - Succesfully added line:50
2020-10-08 12:09:50,576 [1] INFO Mario_Data_Conversion_Tool.MarioPizzaIngredientenConverter - Succesfully added line:51
2020-10-08 12:09:50,576 [1] INFO Mario_Data_Conversion_Tool.MarioPizzaIngredientenConverter - Succesfully added line:52
2020-10-08 12:09:50,577 [1] INFO Mario_Data_Conversion_Tool.MarioPizzaIngredientenConverter - Succesfully added line:53
2020-10-08 12:09:50,579 [1] INFO Mario_Data_Conversion_Tool.MarioPizzaIngredientenConverter - Succesfully added line:54
2020-10-08 12:09:50,579 [1] INFO Mario_Data_Conversion_Tool.MarioPizzaIngredientenConverter - Succesfully added line:55
2020-10-08 12:09:50,580 [1] INFO Mario_Data_Conversion_Tool.MarioPizzaIngredientenConverter - Succesfully added line:56
2020-10-08 12:09:50,581 [1] INFO Mario_Data_Conversion_Tool.MarioPizzaIngredientenConverter - Succesfully added line:57
2020-10-08 12:09:50,581 [1] INFO Mario_Data_Conversion_Tool.MarioPizzaIngredientenConverter - Succesfully added line:58
2020-10-08 12:09:50,582 [1] INFO Mario_Data_Conversion_Tool.MarioPizzaIngredientenConverter - Succesfully added line:59
2020-10-08 12:09:50,582 [1] INFO Mario_Data_Conversion_Tool.MarioPizzaIngredientenConverter - Succesfully added line:60
2020-10-08 12:09:50,582 [1] INFO Mario_Data_Conversion_Tool.MarioPizzaIngredientenConverter - Succesfully added line:61
2020-10-08 12:09:50,583 [1] INFO Mario_Data_Conversion_Tool.MarioPizzaIngredientenConverter - Succesfully added line:62
2020-10-08 12:09:50,583 [1] INFO Mario_Data_Conversion_Tool.MarioPizzaIngredientenConverter - Succesfully added line:63
2020-10-08 12:09:50,584 [1] INFO Mario_Data_Conversion_Tool.MarioPizzaIngredientenConverter - Succesfully added line:64
2020-10-08 12:09:50,584 [1] INFO Mario_Data_Conversion_Tool.MarioPizzaIngredientenConverter - Succesfully added line:65
2020-10-08 12:09:50,584 [1] INFO Mario_Data_Conversion_Tool.MarioPizzaIngredientenConverter - Succesfully added line:66
2020-10-08 12:09:50,585 [1] INFO Mario_Data_Conversion_Tool.MarioPizzaIngredientenConverter - Succesfully added line:67
2020-10-08 12:09:50,585 [1] INFO Mario_Data_Conversion_Tool.MarioPizzaIngredientenConverter - Succesfully added line:68
2020-10-08 12:09:50,586 [1] INFO Mario_Data_Conversion_Tool.MarioPizzaIngredientenConverter - Succesfully added line:69
2020-10-08 12:09:50,587 [1] INFO Mario_Data_Conversion_Tool.MarioPizzaIngredientenConverter - Succesfully added line:70
2020-10-08 12:09:50,587 [1] INFO Mario_Data_Conversion_Tool.MarioPizzaIngredientenConverter - Succesfully added line:71
2020-10-08 12:09:50,588 [1] INFO Mario_Data_Conversion_Tool.MarioPizzaIngredientenConverter - Succesfully added line:72
2020-10-08 12:09:50,588 [1] INFO Mario_Data_Conversion_Tool.MarioPizzaIngredientenConverter - Succesfully added line:73
2020-10-08 12:09:50,589 [1] INFO Mario_Data_Conversion_Tool.MarioPizzaIngredientenConverter - Succesfully added line:74
2020-10-08 12:09:50,589 [1] INFO Mario_Data_Conversion_Tool.MarioPizzaIngredientenConverter - Succesfully added line:75
2020-10-08 12:09:50,590 [1] INFO Mario_Data_Conversion_Tool.MarioPizzaIngredientenConverter - Succesfully added line:76
2020-10-08 12:09:50,590 [1] INFO Mario_Data_Conversion_Tool.MarioPizzaIngredientenConverter - Succesfully added line:77
2020-10-08 12:09:50,590 [1] INFO Mario_Data_Conversion_Tool.MarioPizzaIngredientenConverter - Succesfully added line:78
2020-10-08 12:09:50,591 [1] INFO Mario_Data_Conversion_Tool.MarioPizzaIngredientenConverter - Succesfully added line:79
2020-10-08 12:09:50,591 [1] INFO Mario_Data_Conversion_Tool.MarioPizzaIngredientenConverter - Succesfully added line:80
2020-10-08 12:09:50,592 [1] INFO Mario_Data_Conversion_Tool.MarioPizzaIngredientenConverter - Succesfully added line:81
2020-10-08 12:09:50,592 [1] INFO Mario_Data_Conversion_Tool.MarioPizzaIngredientenConverter - Succesfully added line:82
2020-10-08 12:09:50,592 [1] INFO Mario_Data_Conversion_Tool.MarioPizzaIngredientenConverter - Succesfully added line:83
2020-10-08 12:09:50,593 [1] INFO Mario_Data_Conversion_Tool.MarioPizzaIngredientenConverter - Succesfully added line:84
2020-10-08 12:09:50,593 [1] INFO Mario_Data_Conversion_Tool.MarioPizzaIngredientenConverter - Succesfully added line:85
2020-10-08 12:09:50,593 [1] INFO Mario_Data_Conversion_Tool.MarioPizzaIngredientenConverter - Succesfully added line:86
2020-10-08 12:09:50,594 [1] INFO Mario_Data_Conversion_Tool.MarioPizzaIngredientenConverter - Succesfully added line:87
2020-10-08 12:09:50,594 [1] INFO Mario_Data_Conversion_Tool.MarioPizzaIngredientenConverter - Succesfully added line:88
2020-10-08 12:09:50,595 [1] INFO Mario_Data_Conversion_Tool.MarioPizzaIngredientenConverter - Succesfully added line:89
2020-10-08 12:09:50,596 [1] INFO Mario_Data_Conversion_Tool.MarioPizzaIngredientenConverter - Succesfully added line:90
2020-10-08 12:09:50,597 [1] INFO Mario_Data_Conversion_Tool.MarioPizzaIngredientenConverter - Succesfully added line:91
2020-10-08 12:09:50,597 [1] INFO Mario_Data_Conversion_Tool.MarioPizzaIngredientenConverter - Succesfully added line:92
2020-10-08 12:09:50,597 [1] INFO Mario_Data_Conversion_Tool.MarioPizzaIngredientenConverter - Succesfully added line:93
2020-10-08 12:09:50,598 [1] INFO Mario_Data_Conversion_Tool.MarioPizzaIngredientenConverter - Succesfully added line:94
2020-10-08 12:09:50,598 [1] INFO Mario_Data_Conversion_Tool.MarioPizzaIngredientenConverter - Succesfully added line:95
2020-10-08 12:09:50,598 [1] INFO Mario_Data_Conversion_Tool.MarioPizzaIngredientenConverter - Succesfully added line:96
2020-10-08 12:09:50,599 [1] INFO Mario_Data_Conversion_Tool.MarioPizzaIngredientenConverter - Succesfully added line:97
2020-10-08 12:09:50,599 [1] INFO Mario_Data_Conversion_Tool.MarioPizzaIngredientenConverter - Succesfully added line:98
2020-10-08 12:09:50,600 [1] INFO Mario_Data_Conversion_Tool.MarioPizzaIngredientenConverter - Succesfully added line:99
2020-10-08 12:09:50,602 [1] INFO Mario_Data_Conversion_Tool.MarioPizzaIngredientenConverter - Succesfully added line:100
2020-10-08 12:09:50,602 [1] INFO Mario_Data_Conversion_Tool.MarioPizzaIngredientenConverter - Succesfully added line:101
2020-10-08 12:09:50,602 [1] INFO Mario_Data_Conversion_Tool.MarioPizzaIngredientenConverter - Succesfully added line:102
2020-10-08 12:09:50,603 [1] INFO Mario_Data_Conversion_Tool.MarioPizzaIngredientenConverter - Succesfully added line:103
2020-10-08 12:09:50,603 [1] INFO Mario_Data_Conversion_Tool.MarioPizzaIngredientenConverter - Succesfully added line:104
2020-10-08 12:09:50,604 [1] INFO Mario_Data_Conversion_Tool.MarioPizzaIngredientenConverter - Succesfully added line:105
2020-10-08 12:09:50,604 [1] INFO Mario_Data_Conversion_Tool.MarioPizzaIngredientenConverter - Succesfully added line:106
2020-10-08 12:09:50,605 [1] INFO Mario_Data_Conversion_Tool.MarioPizzaIngredientenConverter - Succesfully added line:107
2020-10-08 12:09:50,605 [1] INFO Mario_Data_Conversion_Tool.MarioPizzaIngredientenConverter - Succesfully added line:108
2020-10-08 12:09:50,605 [1] INFO Mario_Data_Conversion_Tool.MarioPizzaIngredientenConverter - Succesfully added line:109
2020-10-08 12:09:50,606 [1] INFO Mario_Data_Conversion_Tool.MarioPizzaIngredientenConverter - Succesfully added line:110
2020-10-08 12:09:50,606 [1] INFO Mario_Data_Conversion_Tool.MarioPizzaIngredientenConverter - Succesfully added line:111
2020-10-08 12:09:50,607 [1] INFO Mario_Data_Conversion_Tool.MarioPizzaIngredientenConverter - Succesfully added line:112
2020-10-08 12:09:50,607 [1] INFO Mario_Data_Conversion_Tool.MarioPizzaIngredientenConverter - Succesfully added line:113
2020-10-08 12:09:50,608 [1] INFO Mario_Data_Conversion_Tool.MarioPizzaIngredientenConverter - Succesfully added line:114
2020-10-08 12:09:50,608 [1] INFO Mario_Data_Conversion_Tool.MarioPizzaIngredientenConverter - Succesfully added line:115
2020-10-08 12:09:50,623 [1] INFO Mario_Data_Conversion_Tool.MarioPizzaIngredientenConverter - - - - - -
2020-10-08 12:09:50,623 [1] INFO Mario_Data_Conversion_Tool.MarioPizzaIngredientenConverter - Running : Upload
2020-10-08 12:09:50,624 [1] INFO Mario_Data_Conversion_Tool.MarioPizzaIngredientenConverter - - - - - -
2020-10-08 12:09:50,994 [1] INFO Mario_Data_Conversion_Tool.Program - - - - - -
2020-10-08 12:09:50,994 [1] INFO Mario_Data_Conversion_Tool.Program - Ending : Main
2020-10-08 12:09:50,995 [1] INFO Mario_Data_Conversion_Tool.Program - - - - - -
2020-10-08 12:26:03,911 [1] INFO Mario_Data_Conversion_Tool.Program - - - - - -
2020-10-08 12:26:03,922 [1] INFO Mario_Data_Conversion_Tool.Program - Running Mario Data Conversion Tool
2020-10-08 12:26:03,922 [1] INFO Mario_Data_Conversion_Tool.Program - - - - - -
2020-10-08 12:26:03,923 [1] INFO Mario_Data_Conversion_Tool.Program - - - - - -
2020-10-08 12:26:03,923 [1] INFO Mario_Data_Conversion_Tool.Program - Succesfuly loaded files
2020-10-08 12:26:03,923 [1] INFO Mario_Data_Conversion_Tool.Program - - - - - -
2020-10-08 12:26:03,929 [1] INFO Mario_Data_Conversion_Tool.MarioWinkelsConverter - - - - - -
2020-10-08 12:26:03,930 [1] INFO Mario_Data_Conversion_Tool.MarioWinkelsConverter - Running : Convert
2020-10-08 12:26:03,930 [1] INFO Mario_Data_Conversion_Tool.MarioWinkelsConverter - - - - - -
2020-10-08 12:26:03,930 [1] INFO Mario_Data_Conversion_Tool.MarioWinkelsConverter - - - - - -
2020-10-08 12:26:03,930 [1] INFO Mario_Data_Conversion_Tool.MarioWinkelsConverter - Running : ReadFile
2020-10-08 12:26:03,930 [1] INFO Mario_Data_Conversion_Tool.MarioWinkelsConverter - - - - - -
2020-10-08 12:26:03,938 [1] INFO Mario_Data_Conversion_Tool.MarioWinkelsConverter - Succesfully added line:Amsterdam Aalsmeerweg
2020-10-08 12:26:03,938 [1] INFO Mario_Data_Conversion_Tool.MarioWinkelsConverter - Succesfully added line:Amsterdam Bos en Lommerweg
2020-10-08 12:26:03,938 [1] INFO Mario_Data_Conversion_Tool.MarioWinkelsConverter - Succesfully added line:Amsterdam Ceintuurbaan
2020-10-08 12:26:03,938 [1] INFO Mario_Data_Conversion_Tool.MarioWinkelsConverter - Succesfully added line:Amsterdam Noord
2020-10-08 12:26:03,939 [1] INFO Mario_Data_Conversion_Tool.MarioWinkelsConverter - Succesfully added line:Amsterdam Oostelijke Handelskade
2020-10-08 12:26:03,939 [1] INFO Mario_Data_Conversion_Tool.MarioWinkelsConverter - Succesfully added line:Amsterdam Overtoom
2020-10-08 12:26:03,939 [1] INFO Mario_Data_Conversion_Tool.MarioWinkelsConverter - Succesfully added line:Osdorp
2020-10-08 12:26:03,940 [1] INFO Mario_Data_Conversion_Tool.MarioWinkelsConverter - Succesfully added line:Den Haag Goudenregenplein
2020-10-08 12:26:03,940 [1] INFO Mario_Data_Conversion_Tool.MarioWinkelsConverter - Succesfully added line:Den Haag Oude Haagweg
2020-10-08 12:26:03,941 [1] INFO Mario_Data_Conversion_Tool.MarioWinkelsConverter - Succesfully added line:Den Haag Torenstraat
2020-10-08 12:26:03,941 [1] INFO Mario_Data_Conversion_Tool.MarioWinkelsConverter - Succesfully added line:Scheveningen
2020-10-08 12:26:03,941 [1] INFO Mario_Data_Conversion_Tool.MarioWinkelsConverter - Succesfully added line:Assen
2020-10-08 12:26:03,942 [1] INFO Mario_Data_Conversion_Tool.MarioWinkelsConverter - Succesfully added line:Emmen
2020-10-08 12:26:03,942 [1] INFO Mario_Data_Conversion_Tool.MarioWinkelsConverter - Succesfully added line:Meppel
2020-10-08 12:26:03,943 [1] INFO Mario_Data_Conversion_Tool.MarioWinkelsConverter - Succesfully added line:Almere
2020-10-08 12:26:03,943 [1] INFO Mario_Data_Conversion_Tool.MarioWinkelsConverter - Succesfully added line:Almere Buiten
2020-10-08 12:26:03,946 [1] INFO Mario_Data_Conversion_Tool.MarioWinkelsConverter - Succesfully added line:Lelystad
2020-10-08 12:26:03,946 [1] INFO Mario_Data_Conversion_Tool.MarioWinkelsConverter - Succesfully added line:Drachten
2020-10-08 12:26:03,946 [1] INFO Mario_Data_Conversion_Tool.MarioWinkelsConverter - Succesfully added line:Heerenveen
2020-10-08 12:26:03,947 [1] INFO Mario_Data_Conversion_Tool.MarioWinkelsConverter - Succesfully added line:Leeuwarden
2020-10-08 12:26:03,947 [1] INFO Mario_Data_Conversion_Tool.MarioWinkelsConverter - Succesfully added line:Sneek
2020-10-08 12:26:03,948 [1] INFO Mario_Data_Conversion_Tool.MarioWinkelsConverter - Succesfully added line:Apeldoorn
2020-10-08 12:26:03,948 [1] INFO Mario_Data_Conversion_Tool.MarioWinkelsConverter - Succesfully added line:Arnhem
2020-10-08 12:26:03,949 [1] INFO Mario_Data_Conversion_Tool.MarioWinkelsConverter - Succesfully added line:Arnhem Centrum
2020-10-08 12:26:03,949 [1] INFO Mario_Data_Conversion_Tool.MarioWinkelsConverter - Succesfully added line:Ede
2020-10-08 12:26:03,950 [1] INFO Mario_Data_Conversion_Tool.MarioWinkelsConverter - Succesfully added line:Harderwijk
2020-10-08 12:26:03,950 [1] INFO Mario_Data_Conversion_Tool.MarioWinkelsConverter - Succesfully added line:Nijmegen
2020-10-08 12:26:03,951 [1] INFO Mario_Data_Conversion_Tool.MarioWinkelsConverter - Succesfully added line:Tiel
2020-10-08 12:26:03,951 [1] INFO Mario_Data_Conversion_Tool.MarioWinkelsConverter - Succesfully added line:Velp
2020-10-08 12:26:03,952 [1] INFO Mario_Data_Conversion_Tool.MarioWinkelsConverter - Succesfully added line:Wageningen
2020-10-08 12:26:03,952 [1] INFO Mario_Data_Conversion_Tool.MarioWinkelsConverter - Succesfully added line:Wijchen
2020-10-08 12:26:03,952 [1] INFO Mario_Data_Conversion_Tool.MarioWinkelsConverter - Succesfully added line:Delfzijl
2020-10-08 12:26:03,953 [1] INFO Mario_Data_Conversion_Tool.MarioWinkelsConverter - Succesfully added line:Groningen Boterdiep
2020-10-08 12:26:03,953 [1] INFO Mario_Data_Conversion_Tool.MarioWinkelsConverter - Succesfully added line:Groningen Paddepoel
2020-10-08 12:26:03,954 [1] INFO Mario_Data_Conversion_Tool.MarioWinkelsConverter - Succesfully added line:Groningen Paterswoldseweg
2020-10-08 12:26:03,954 [1] INFO Mario_Data_Conversion_Tool.MarioWinkelsConverter - Succesfully added line:Hoogezand
2020-10-08 12:26:03,954 [1] INFO Mario_Data_Conversion_Tool.MarioWinkelsConverter - Succesfully added line:AC Sevenum
2020-10-08 12:26:03,955 [1] INFO Mario_Data_Conversion_Tool.MarioWinkelsConverter - Succesfully added line:Brunssum
2020-10-08 12:26:03,955 [1] INFO Mario_Data_Conversion_Tool.MarioWinkelsConverter - Succesfully added line:Geleen
2020-10-08 12:26:03,956 [1] INFO Mario_Data_Conversion_Tool.MarioWinkelsConverter - Succesfully added line:Landgraaf
2020-10-08 12:26:03,957 [1] INFO Mario_Data_Conversion_Tool.MarioWinkelsConverter - Succesfully added line:Maastricht
2020-10-08 12:26:03,957 [1] INFO Mario_Data_Conversion_Tool.MarioWinkelsConverter - Succesfully added line:Roermond
2020-10-08 12:26:03,958 [1] INFO Mario_Data_Conversion_Tool.MarioWinkelsConverter - Succesfully added line:Sittard
2020-10-08 12:26:03,959 [1] INFO Mario_Data_Conversion_Tool.MarioWinkelsConverter - Succesfully added line:Venlo
2020-10-08 12:26:03,959 [1] INFO Mario_Data_Conversion_Tool.MarioWinkelsConverter - Succesfully added line:Weert
2020-10-08 12:26:03,961 [1] INFO Mario_Data_Conversion_Tool.MarioWinkelsConverter - Succesfully added line:Bergen op Zoom
2020-10-08 12:26:03,962 [1] INFO Mario_Data_Conversion_Tool.MarioWinkelsConverter - Succesfully added line:Breda Graaf Hendrik III Plein
2020-10-08 12:26:03,962 [1] INFO Mario_Data_Conversion_Tool.MarioWinkelsConverter - Succesfully added line:Breda Kesterenlaan
2020-10-08 12:26:03,963 [1] INFO Mario_Data_Conversion_Tool.MarioWinkelsConverter - Succesfully added line:Den Bosch
2020-10-08 12:26:03,963 [1] INFO Mario_Data_Conversion_Tool.MarioWinkelsConverter - Succesfully added line:Den Bosch Empel
2020-10-08 12:26:03,964 [1] INFO Mario_Data_Conversion_Tool.MarioWinkelsConverter - Succesfully added line:Dongen
2020-10-08 12:26:03,964 [1] INFO Mario_Data_Conversion_Tool.MarioWinkelsConverter - Succesfully added line:Eindhoven Gestel
2020-10-08 12:26:03,965 [1] INFO Mario_Data_Conversion_Tool.MarioWinkelsConverter - Succesfully added line:Eindhoven Tongelre
2020-10-08 12:26:03,965 [1] INFO Mario_Data_Conversion_Tool.MarioWinkelsConverter - Succesfully added line:Eindhoven Woensel
2020-10-08 12:26:03,965 [1] INFO Mario_Data_Conversion_Tool.MarioWinkelsConverter - Succesfully added line:Etten Leur
2020-10-08 12:26:03,966 [1] INFO Mario_Data_Conversion_Tool.MarioWinkelsConverter - Succesfully added line:Geldrop
2020-10-08 12:26:03,966 [1] INFO Mario_Data_Conversion_Tool.MarioWinkelsConverter - Succesfully added line:Helmond
2020-10-08 12:26:03,967 [1] INFO Mario_Data_Conversion_Tool.MarioWinkelsConverter - Succesfully added line:Helmond Brandevoort
2020-10-08 12:26:03,967 [1] INFO Mario_Data_Conversion_Tool.MarioWinkelsConverter - Succesfully added line:Oosterhout
2020-10-08 12:26:03,967 [1] INFO Mario_Data_Conversion_Tool.MarioWinkelsConverter - Succesfully added line:Oss
2020-10-08 12:26:03,968 [1] INFO Mario_Data_Conversion_Tool.MarioWinkelsConverter - Succesfully added line:Roosendaal
2020-10-08 12:26:03,968 [1] INFO Mario_Data_Conversion_Tool.MarioWinkelsConverter - Succesfully added line:Tilburg Laarstraat
2020-10-08 12:26:03,968 [1] INFO Mario_Data_Conversion_Tool.MarioWinkelsConverter - Succesfully added line:Tilburg Thomas van Aquinostraat
2020-10-08 12:26:03,969 [1] INFO Mario_Data_Conversion_Tool.MarioWinkelsConverter - Succesfully added line:Uden
2020-10-08 12:26:03,969 [1] INFO Mario_Data_Conversion_Tool.MarioWinkelsConverter - Succesfully added line:Valkenswaard
2020-10-08 12:26:03,970 [1] INFO Mario_Data_Conversion_Tool.MarioWinkelsConverter - Succesfully added line:Veghel
2020-10-08 12:26:03,970 [1] INFO Mario_Data_Conversion_Tool.MarioWinkelsConverter - Succesfully added line:Veldhoven
2020-10-08 12:26:03,970 [1] INFO Mario_Data_Conversion_Tool.MarioWinkelsConverter - Succesfully added line:Waalwijk
2020-10-08 12:26:03,971 [1] INFO Mario_Data_Conversion_Tool.MarioWinkelsConverter - Succesfully added line:Alkmaar
2020-10-08 12:26:03,971 [1] INFO Mario_Data_Conversion_Tool.MarioWinkelsConverter - Succesfully added line:Amstelveen
2020-10-08 12:26:03,972 [1] INFO Mario_Data_Conversion_Tool.MarioWinkelsConverter - Succesfully added line:Den Helder
2020-10-08 12:26:03,972 [1] INFO Mario_Data_Conversion_Tool.MarioWinkelsConverter - Succesfully added line:Diemen
2020-10-08 12:26:03,973 [1] INFO Mario_Data_Conversion_Tool.MarioWinkelsConverter - Succesfully added line:Haarlem Tesselschadeplein
2020-10-08 12:26:03,973 [1] INFO Mario_Data_Conversion_Tool.MarioWinkelsConverter - Succesfully added line:Haarlem Zuid
2020-10-08 12:26:03,973 [1] INFO Mario_Data_Conversion_Tool.MarioWinkelsConverter - Succesfully added line:Heemskerk
2020-10-08 12:26:03,974 [1] INFO Mario_Data_Conversion_Tool.MarioWinkelsConverter - Succesfully added line:Heerhugowaard
2020-10-08 12:26:03,974 [1] INFO Mario_Data_Conversion_Tool.MarioWinkelsConverter - Succesfully added line:Hoofddorp
2020-10-08 12:26:03,974 [1] INFO Mario_Data_Conversion_Tool.MarioWinkelsConverter - Succesfully added line:Hoorn
2020-10-08 12:26:03,975 [1] INFO Mario_Data_Conversion_Tool.MarioWinkelsConverter - Succesfully added line:IJmuiden
2020-10-08 12:26:03,976 [1] INFO Mario_Data_Conversion_Tool.MarioWinkelsConverter - Succesfully added line:Noordwijk
2020-10-08 12:26:03,977 [1] INFO Mario_Data_Conversion_Tool.MarioWinkelsConverter - Succesfully added line:Purmerend
2020-10-08 12:26:03,978 [1] INFO Mario_Data_Conversion_Tool.MarioWinkelsConverter - Succesfully added line:Zaandam
2020-10-08 12:26:03,978 [1] INFO Mario_Data_Conversion_Tool.MarioWinkelsConverter - Succesfully added line:Almelo
2020-10-08 12:26:03,979 [1] INFO Mario_Data_Conversion_Tool.MarioWinkelsConverter - Succesfully added line:Deventer
2020-10-08 12:26:03,979 [1] INFO Mario_Data_Conversion_Tool.MarioWinkelsConverter - Succesfully added line:Enschede
2020-10-08 12:26:03,979 [1] INFO Mario_Data_Conversion_Tool.MarioWinkelsConverter - Succesfully added line:Enschede West
2020-10-08 12:26:03,980 [1] INFO Mario_Data_Conversion_Tool.MarioWinkelsConverter - Succesfully added line:Hengelo
2020-10-08 12:26:03,980 [1] INFO Mario_Data_Conversion_Tool.MarioWinkelsConverter - Succesfully added line:Kampen
2020-10-08 12:26:03,980 [1] INFO Mario_Data_Conversion_Tool.MarioWinkelsConverter - Succesfully added line:Zwolle
2020-10-08 12:26:03,981 [1] INFO Mario_Data_Conversion_Tool.MarioWinkelsConverter - Succesfully added line:Zwolle Bachplein
2020-10-08 12:26:03,981 [1] INFO Mario_Data_Conversion_Tool.MarioWinkelsConverter - Succesfully added line:Rotterdam Hoogvliet
2020-10-08 12:26:03,982 [1] INFO Mario_Data_Conversion_Tool.MarioWinkelsConverter - Succesfully added line:Rotterdam Mariniersweg
2020-10-08 12:26:03,982 [1] INFO Mario_Data_Conversion_Tool.MarioWinkelsConverter - Succesfully added line:Rotterdam Noord
2020-10-08 12:26:03,982 [1] INFO Mario_Data_Conversion_Tool.MarioWinkelsConverter - Succesfully added line:Rotterdam Schiebroek
2020-10-08 12:26:03,983 [1] INFO Mario_Data_Conversion_Tool.MarioWinkelsConverter - Succesfully added line:Rotterdam Vuurplaat
2020-10-08 12:26:03,983 [1] INFO Mario_Data_Conversion_Tool.MarioWinkelsConverter - Succesfully added line:Rotterdam Zevenkamp
2020-10-08 12:26:03,983 [1] INFO Mario_Data_Conversion_Tool.MarioWinkelsConverter - Succesfully added line:Rotterdam Zuidplein
2020-10-08 12:26:03,984 [1] INFO Mario_Data_Conversion_Tool.MarioWinkelsConverter - Succesfully added line:Amersfoort
2020-10-08 12:26:03,984 [1] INFO Mario_Data_Conversion_Tool.MarioWinkelsConverter - Succesfully added line:Amersfoort Vathorst
2020-10-08 12:26:03,985 [1] INFO Mario_Data_Conversion_Tool.MarioWinkelsConverter - Succesfully added line:Bussum
2020-10-08 12:26:03,985 [1] INFO Mario_Data_Conversion_Tool.MarioWinkelsConverter - Succesfully added line:De Meern
2020-10-08 12:26:03,985 [1] INFO Mario_Data_Conversion_Tool.MarioWinkelsConverter - Succesfully added line:Hilversum
2020-10-08 12:26:03,986 [1] INFO Mario_Data_Conversion_Tool.MarioWinkelsConverter - Succesfully added line:Houten
2020-10-08 12:26:03,986 [1] INFO Mario_Data_Conversion_Tool.MarioWinkelsConverter - Succesfully added line:Maarssen
2020-10-08 12:26:03,986 [1] INFO Mario_Data_Conversion_Tool.MarioWinkelsConverter - Succesfully added line:Nieuwegein
2020-10-08 12:26:03,987 [1] INFO Mario_Data_Conversion_Tool.MarioWinkelsConverter - Succesfully added line:Soest
2020-10-08 12:26:03,987 [1] INFO Mario_Data_Conversion_Tool.MarioWinkelsConverter - Succesfully added line:Utrecht Adelaarstraat
2020-10-08 12:26:03,988 [1] INFO Mario_Data_Conversion_Tool.MarioWinkelsConverter - Succesfully added line:Utrecht Marnixlaan
2020-10-08 12:26:03,988 [1] INFO Mario_Data_Conversion_Tool.MarioWinkelsConverter - Succesfully added line:Utrecht Rijnlaan
2020-10-08 12:26:03,988 [1] INFO Mario_Data_Conversion_Tool.MarioWinkelsConverter - Succesfully added line:Veenendaal
2020-10-08 12:26:03,989 [1] INFO Mario_Data_Conversion_Tool.MarioWinkelsConverter - Succesfully added line:Woerden
2020-10-08 12:26:03,989 [1] INFO Mario_Data_Conversion_Tool.MarioWinkelsConverter - Succesfully added line:Zeist
2020-10-08 12:26:03,989 [1] INFO Mario_Data_Conversion_Tool.MarioWinkelsConverter - Succesfully added line:Goes
2020-10-08 12:26:03,990 [1] INFO Mario_Data_Conversion_Tool.MarioWinkelsConverter - Succesfully added line:Middelburg
2020-10-08 12:26:03,990 [1] INFO Mario_Data_Conversion_Tool.MarioWinkelsConverter - Succesfully added line:Terneuzen
2020-10-08 12:26:03,992 [1] INFO Mario_Data_Conversion_Tool.MarioWinkelsConverter - Succesfully added line:Vlissingen
2020-10-08 12:26:03,993 [1] INFO Mario_Data_Conversion_Tool.MarioWinkelsConverter - Succesfully added line:Alphen aan den Rijn
2020-10-08 12:26:03,993 [1] INFO Mario_Data_Conversion_Tool.MarioWinkelsConverter - Succesfully added line:Barendrecht
2020-10-08 12:26:03,993 [1] INFO Mario_Data_Conversion_Tool.MarioWinkelsConverter - Succesfully added line:Berkel en Rodenrijs
2020-10-08 12:26:03,994 [1] INFO Mario_Data_Conversion_Tool.MarioWinkelsConverter - Succesfully added line:Capelle a/d Yssel
2020-10-08 12:26:03,994 [1] INFO Mario_Data_Conversion_Tool.MarioWinkelsConverter - Succesfully added line:Delft Binnenwatersloot
2020-10-08 12:26:03,995 [1] INFO Mario_Data_Conversion_Tool.MarioWinkelsConverter - Succesfully added line:Delft Papsouwselaan
2020-10-08 12:26:03,995 [1] INFO Mario_Data_Conversion_Tool.MarioWinkelsConverter - Succesfully added line:Dordrecht Bamendaweg
2020-10-08 12:26:03,995 [1] INFO Mario_Data_Conversion_Tool.MarioWinkelsConverter - Succesfully added line:Dordrecht Van Oldenbarneveltplein
2020-10-08 12:26:03,996 [1] INFO Mario_Data_Conversion_Tool.MarioWinkelsConverter - Succesfully added line:Gorinchem
2020-10-08 12:26:03,996 [1] INFO Mario_Data_Conversion_Tool.MarioWinkelsConverter - Succesfully added line:Gouda
2020-10-08 12:26:03,997 [1] INFO Mario_Data_Conversion_Tool.MarioWinkelsConverter - Succesfully added line:Hellevoetsluis
2020-10-08 12:26:03,997 [1] INFO Mario_Data_Conversion_Tool.MarioWinkelsConverter - Succesfully added line:Leiden
2020-10-08 12:26:03,997 [1] INFO Mario_Data_Conversion_Tool.MarioWinkelsConverter - Succesfully added line:Leiderdorp
2020-10-08 12:26:03,998 [1] INFO Mario_Data_Conversion_Tool.MarioWinkelsConverter - Succesfully added line:Leidschendam
2020-10-08 12:26:03,998 [1] INFO Mario_Data_Conversion_Tool.MarioWinkelsConverter - Succesfully added line:Maassluis
2020-10-08 12:26:03,998 [1] INFO Mario_Data_Conversion_Tool.MarioWinkelsConverter - Succesfully added line:Naaldwijk
2020-10-08 12:26:03,999 [1] INFO Mario_Data_Conversion_Tool.MarioWinkelsConverter - Succesfully added line:Nootdorp
2020-10-08 12:26:03,999 [1] INFO Mario_Data_Conversion_Tool.MarioWinkelsConverter - Succesfully added line:Oud Beijerland
2020-10-08 12:26:04,000 [1] INFO Mario_Data_Conversion_Tool.MarioWinkelsConverter - Succesfully added line:Papendrecht
2020-10-08 12:26:04,000 [1] INFO Mario_Data_Conversion_Tool.MarioWinkelsConverter - Succesfully added line:Ridderkerk
2020-10-08 12:26:04,000 [1] INFO Mario_Data_Conversion_Tool.MarioWinkelsConverter - Succesfully added line:Rijswijk
2020-10-08 12:26:04,001 [1] INFO Mario_Data_Conversion_Tool.MarioWinkelsConverter - Succesfully added line:Schiedam
2020-10-08 12:26:04,001 [1] INFO Mario_Data_Conversion_Tool.MarioWinkelsConverter - Succesfully added line:Spijkenisse
2020-10-08 12:26:04,001 [1] INFO Mario_Data_Conversion_Tool.MarioWinkelsConverter - Succesfully added line:Vlaardingen
2020-10-08 12:26:04,002 [1] INFO Mario_Data_Conversion_Tool.MarioWinkelsConverter - Succesfully added line:Voorburg
2020-10-08 12:26:04,002 [1] INFO Mario_Data_Conversion_Tool.MarioWinkelsConverter - Succesfully added line:Voorschoten
2020-10-08 12:26:04,002 [1] INFO Mario_Data_Conversion_Tool.MarioWinkelsConverter - Succesfully added line:Wassenaar
2020-10-08 12:26:04,002 [1] INFO Mario_Data_Conversion_Tool.MarioWinkelsConverter - Succesfully added line:Zoetermeer
2020-10-08 12:26:04,014 [1] INFO Mario_Data_Conversion_Tool.MarioWinkelsConverter - - - - - -
2020-10-08 12:26:04,014 [1] INFO Mario_Data_Conversion_Tool.MarioWinkelsConverter - Running : Upload
2020-10-08 12:26:04,014 [1] INFO Mario_Data_Conversion_Tool.MarioWinkelsConverter - - - - - -
2020-10-08 12:26:04,414 [1] INFO Mario_Data_Conversion_Tool.Program - - - - - -
2020-10-08 12:26:04,414 [1] INFO Mario_Data_Conversion_Tool.Program - Ending : Main
2020-10-08 12:26:04,414 [1] INFO Mario_Data_Conversion_Tool.Program - - - - - -
2020-10-08 13:04:30,792 [1] INFO Mario_Data_Conversion_Tool.Program - - - - - -
2020-10-08 13:04:30,805 [1] INFO Mario_Data_Conversion_Tool.Program - Running Mario Data Conversion Tool
2020-10-08 13:04:30,805 [1] INFO Mario_Data_Conversion_Tool.Program - - - - - -
2020-10-08 13:04:30,806 [1] INFO Mario_Data_Conversion_Tool.Program - - - - - -
2020-10-08 13:04:30,806 [1] INFO Mario_Data_Conversion_Tool.Program - Succesfuly loaded files
2020-10-08 13:04:30,806 [1] INFO Mario_Data_Conversion_Tool.Program - - - - - -
2020-10-08 13:04:31,110 [1] INFO Mario_Data_Conversion_Tool.Program - - - - - -
2020-10-08 13:04:31,110 [1] INFO Mario_Data_Conversion_Tool.Program - Ending : Main
2020-10-08 13:04:31,111 [1] INFO Mario_Data_Conversion_Tool.Program - - - - - -
2020-10-08 13:25:11,149 [1] INFO Mario_Data_Conversion_Tool.Program - - - - - -
2020-10-08 13:25:11,162 [1] INFO Mario_Data_Conversion_Tool.Program - Running Mario Data Conversion Tool
2020-10-08 13:25:11,162 [1] INFO Mario_Data_Conversion_Tool.Program - - - - - -
2020-10-08 13:25:11,163 [1] INFO Mario_Data_Conversion_Tool.Program - - - - - -
2020-10-08 13:25:11,163 [1] INFO Mario_Data_Conversion_Tool.Program - Succesfuly loaded files
2020-10-08 13:25:11,163 [1] INFO Mario_Data_Conversion_Tool.Program - - - - - -
2020-10-08 13:25:11,340 [1] INFO Mario_Data_Conversion_Tool.Program - - - - - -
2020-10-08 13:25:11,341 [1] INFO Mario_Data_Conversion_Tool.Program - Ending : Main
2020-10-08 13:25:11,341 [1] INFO Mario_Data_Conversion_Tool.Program - - - - - -
2020-10-08 13:26:09,189 [1] INFO Mario_Data_Conversion_Tool.Program - - - - - -
2020-10-08 13:26:09,204 [1] INFO Mario_Data_Conversion_Tool.Program - Running Mario Data Conversion Tool
2020-10-08 13:26:09,205 [1] INFO Mario_Data_Conversion_Tool.Program - - - - - -
2020-10-08 13:26:09,205 [1] INFO Mario_Data_Conversion_Tool.Program - - - - - -
2020-10-08 13:26:09,207 [1] INFO Mario_Data_Conversion_Tool.Program - Succesfuly loaded files
2020-10-08 13:26:09,208 [1] INFO Mario_Data_Conversion_Tool.Program - - - - - -
2020-10-08 13:26:09,350 [1] INFO Mario_Data_Conversion_Tool.Program - - - - - -
2020-10-08 13:26:09,351 [1] INFO Mario_Data_Conversion_Tool.Program - Ending : Main
2020-10-08 13:26:09,351 [1] INFO Mario_Data_Conversion_Tool.Program - - - - - -
2020-10-08 13:27:08,955 [1] INFO Mario_Data_Conversion_Tool.Program - - - - - -
2020-10-08 13:27:08,968 [1] INFO Mario_Data_Conversion_Tool.Program - Running Mario Data Conversion Tool
2020-10-08 13:27:08,968 [1] INFO Mario_Data_Conversion_Tool.Program - - - - - -
2020-10-08 13:27:08,969 [1] INFO Mario_Data_Conversion_Tool.Program - - - - - -
2020-10-08 13:27:08,969 [1] INFO Mario_Data_Conversion_Tool.Program - Succesfuly loaded files
2020-10-08 13:27:08,969 [1] INFO Mario_Data_Conversion_Tool.Program - - - - - -
2020-10-08 13:27:09,117 [1] INFO Mario_Data_Conversion_Tool.Program - - - - - -
2020-10-08 13:27:09,117 [1] INFO Mario_Data_Conversion_Tool.Program - Ending : Main
2020-10-08 13:27:09,117 [1] INFO Mario_Data_Conversion_Tool.Program - - - - - -
2020-10-08 13:27:45,752 [1] INFO Mario_Data_Conversion_Tool.Program - - - - - -
2020-10-08 13:27:45,764 [1] INFO Mario_Data_Conversion_Tool.Program - Running Mario Data Conversion Tool
2020-10-08 13:27:45,764 [1] INFO Mario_Data_Conversion_Tool.Program - - - - - -
2020-10-08 13:27:45,764 [1] INFO Mario_Data_Conversion_Tool.Program - - - - - -
2020-10-08 13:27:45,765 [1] INFO Mario_Data_Conversion_Tool.Program - Succesfuly loaded files
2020-10-08 13:27:45,765 [1] INFO Mario_Data_Conversion_Tool.Program - - - - - -
2020-10-08 13:27:45,900 [1] INFO Mario_Data_Conversion_Tool.Program - - - - - -
2020-10-08 13:27:45,900 [1] INFO Mario_Data_Conversion_Tool.Program - Ending : Main
2020-10-08 13:27:45,901 [1] INFO Mario_Data_Conversion_Tool.Program - - - - - -
2020-10-08 13:29:16,100 [1] INFO Mario_Data_Conversion_Tool.Program - - - - - -
2020-10-08 13:29:16,112 [1] INFO Mario_Data_Conversion_Tool.Program - Running Mario Data Conversion Tool
2020-10-08 13:29:16,112 [1] INFO Mario_Data_Conversion_Tool.Program - - - - - -
2020-10-08 13:29:16,112 [1] INFO Mario_Data_Conversion_Tool.Program - - - - - -
2020-10-08 13:29:16,112 [1] INFO Mario_Data_Conversion_Tool.Program - Succesfuly loaded files
2020-10-08 13:29:16,112 [1] INFO Mario_Data_Conversion_Tool.Program - - - - - -
2020-10-08 13:29:16,763 [1] INFO Mario_Data_Conversion_Tool.Program - - - - - -
2020-10-08 13:29:16,764 [1] INFO Mario_Data_Conversion_Tool.Program - Ending : Main
2020-10-08 13:29:16,764 [1] INFO Mario_Data_Conversion_Tool.Program - - - - - -
2020-10-08 13:29:36,748 [1] INFO Mario_Data_Conversion_Tool.Program - - - - - -
2020-10-08 13:29:36,761 [1] INFO Mario_Data_Conversion_Tool.Program - Running Mario Data Conversion Tool
2020-10-08 13:29:36,762 [1] INFO Mario_Data_Conversion_Tool.Program - - - - - -
2020-10-08 13:29:36,762 [1] INFO Mario_Data_Conversion_Tool.Program - - - - - -
2020-10-08 13:29:36,762 [1] INFO Mario_Data_Conversion_Tool.Program - Succesfuly loaded files
2020-10-08 13:29:36,762 [1] INFO Mario_Data_Conversion_Tool.Program - - - - - -
2020-10-08 13:29:37,423 [1] INFO Mario_Data_Conversion_Tool.Program - - - - - -
2020-10-08 13:29:37,423 [1] INFO Mario_Data_Conversion_Tool.Program - Ending : Main
2020-10-08 13:29:37,424 [1] INFO Mario_Data_Conversion_Tool.Program - - - - - -
2020-10-08 13:31:59,765 [1] INFO Mario_Data_Conversion_Tool.Program - - - - - -
2020-10-08 13:31:59,776 [1] INFO Mario_Data_Conversion_Tool.Program - Running Mario Data Conversion Tool
2020-10-08 13:31:59,776 [1] INFO Mario_Data_Conversion_Tool.Program - - - - - -
2020-10-08 13:31:59,776 [1] INFO Mario_Data_Conversion_Tool.Program - - - - - -
2020-10-08 13:31:59,776 [1] INFO Mario_Data_Conversion_Tool.Program - Succesfuly loaded files
2020-10-08 13:31:59,776 [1] INFO Mario_Data_Conversion_Tool.Program - - - - - -
2020-10-08 13:32:00,494 [1] INFO Mario_Data_Conversion_Tool.Program - - - - - -
2020-10-08 13:32:00,494 [1] INFO Mario_Data_Conversion_Tool.Program - Ending : Main
2020-10-08 13:32:00,494 [1] INFO Mario_Data_Conversion_Tool.Program - - - - - -
2020-10-08 13:32:09,833 [1] INFO Mario_Data_Conversion_Tool.Program - - - - - -
2020-10-08 13:32:09,845 [1] INFO Mario_Data_Conversion_Tool.Program - Running Mario Data Conversion Tool
2020-10-08 13:32:09,845 [1] INFO Mario_Data_Conversion_Tool.Program - - - - - -
2020-10-08 13:32:09,846 [1] INFO Mario_Data_Conversion_Tool.Program - - - - - -
2020-10-08 13:32:09,846 [1] INFO Mario_Data_Conversion_Tool.Program - Succesfuly loaded files
2020-10-08 13:32:09,846 [1] INFO Mario_Data_Conversion_Tool.Program - - - - - -
2020-10-08 13:32:09,990 [1] INFO Mario_Data_Conversion_Tool.Program - - - - - -
2020-10-08 13:32:09,991 [1] INFO Mario_Data_Conversion_Tool.Program - Ending : Main
2020-10-08 13:32:09,991 [1] INFO Mario_Data_Conversion_Tool.Program - - - - - -
